2012-07-10 11:02:22,301 DEBUG  ++++++++++++++++++++++++++++++++++++10.228.9.221++++++++++++++++++++++++++++++++++++++++++++
2012-07-10 11:02:22,304 DEBUG 0: Filesystem    512-blocks      Free %Used    Iused %Iused Mounted on
2012-07-10 11:02:22,304 DEBUG 1: /dev/hd4         4194304   3903256    7%     3981     1% /
2012-07-10 11:02:22,304 DEBUG 2: /dev/hd2         5046272   2718776   47%    31316     9% /usr
2012-07-10 11:02:22,304 DEBUG 3: /dev/hd9var      4718592   4166752   12%     4818     2% /var
2012-07-10 11:02:22,305 DEBUG 4: /dev/hd3         4194304   3811248   10%      280     1% /tmp
2012-07-10 11:02:22,305 DEBUG 5: /dev/hd1         4194304   2301880   46%     1456     1% /home
2012-07-10 11:02:22,306 DEBUG 6: /proc                  -         -    -         -     -  /proc
2012-07-10 11:02:22,306 DEBUG 7: /dev/hd10opt    14680064  14071928    5%    15500     1% /opt
2012-07-10 11:02:22,307 DEBUG 9: /dev/db2loglv  102236160  92200792   10%       63     1% /db2/log
2012-07-10 11:02:22,307 DEBUG 10: /dev/db2datalv  209190912 104106800   51%     1974     1% /db2/data
2012-07-10 11:02:22,307 DEBUG 11: /dev/db2archivelv  104333312 104316384    1%        4     1% /db2/archive
2012-07-10 11:02:22,307 DEBUG 12: /dev/loglv        524288    523552    1%        4     1% /log
2012-07-10 11:02:22,308 DEBUG 13: /dev/waslv      74448896  24371608   68%   273649     8% /usr/WebSphere
2012-07-10 11:02:22,308 DEBUG 14: /dev/httplv     62914560  47054704   26%    62529     2% /usr/IBMHttpServer
2012-07-10 11:02:22,308 DEBUG 15: /dev/varmqmlv    2097152   2052568    3%      183     1% /var/mqm
2012-07-10 11:02:22,308 DEBUG 16: /dev/usrmqmlv   20971520  20731088    2%     2201     1% /usr/mqm
2012-07-10 11:02:22,308 DEBUG 17: /dev/openvlv     1572864   1571968    1%        4     1% /usr/openv
2012-07-10 11:02:22,309 DEBUG 18: /dev/optlv      10485760   7973024   24%    37731     4% /usr/opt
2012-07-10 11:02:22,309 DEBUG 

2012-07-10 11:02:22,799 DEBUG  ++++++++++++++++++++++++++++++++++++10.228.9.222++++++++++++++++++++++++++++++++++++++++++++
2012-07-10 11:02:22,800 DEBUG 0: Filesystem    512-blocks      Free %Used    Iused %Iused Mounted on
2012-07-10 11:02:22,800 DEBUG 1: /dev/hd4          262144    121344   54%     3878    22% /
2012-07-10 11:02:22,800 DEBUG 2: /dev/hd2         4194304   1349416   68%    35265    19% /usr
2012-07-10 11:02:22,800 DEBUG 3: /dev/hd9var      4718592   4226488   11%     4749     1% /var
2012-07-10 11:02:22,801 DEBUG 4: /dev/hd3         4194304   4140656    2%       98     1% /tmp
2012-07-10 11:02:22,801 DEBUG 5: /dev/hd1         4194304   4154968    1%       98     1% /home
2012-07-10 11:02:22,801 DEBUG 6: /proc                  -         -    -         -     -  /proc
2012-07-10 11:02:22,801 DEBUG 7: /dev/hd10opt     4194304   3733656   11%     9128     3% /opt
2012-07-10 11:02:22,802 DEBUG 8: /dev/loglv        524288    523552    1%        4     1% /log
2012-07-10 11:02:22,802 DEBUG 9: /dev/httplv     62914560  27081208   57%    97853     4% /usr/IBMHttpServer
2012-07-10 11:02:22,803 DEBUG 10: /dev/varmqmlv    2097152   2051600    3%      242     1% /var/mqm
2012-07-10 11:02:22,803 DEBUG 11: /dev/usrmqmlv   20971520  20731088    2%     2201     1% /usr/mqm
2012-07-10 11:02:22,804 DEBUG 12: /dev/openvlv     2097152   2096176    1%        4     1% /usr/openv
2012-07-10 11:02:22,804 DEBUG 13: /dev/optlv       6291456   5764688    9%     9230     2% /usr/opt
2012-07-10 11:02:22,804 DEBUG 

2012-07-10 11:02:23,420 DEBUG  ++++++++++++++++++++++++++++++++++++10.228.9.223++++++++++++++++++++++++++++++++++++++++++++
2012-07-10 11:02:23,422 DEBUG 0: Filesystem    512-blocks      Free %Used    Iused %Iused Mounted on
2012-07-10 11:02:23,422 DEBUG 1: /dev/hd4          262144    121464   54%     3871    22% /
2012-07-10 11:02:23,422 DEBUG 2: /dev/hd2         4194304   1211256   72%    36097    21% /usr
2012-07-10 11:02:23,422 DEBUG 3: /dev/hd9var      4718592   4413088    7%     2499     1% /var
2012-07-10 11:02:23,422 DEBUG 4: /dev/hd3         4194304   4131248    2%      151     1% /tmp
2012-07-10 11:02:23,422 DEBUG 5: /dev/hd1         4194304   4158696    1%       86     1% /home
2012-07-10 11:02:23,422 DEBUG 6: /proc                  -         -    -         -     -  /proc
2012-07-10 11:02:23,423 DEBUG 7: /dev/hd10opt     4194304   3793544   10%     9027     3% /opt
2012-07-10 11:02:23,423 DEBUG 8: /dev/loglv        524288    523552    1%        4     1% /log
2012-07-10 11:02:23,423 DEBUG 9: /dev/httplv     62914560  35369248   44%   134479     4% /usr/IBMHttpServer
2012-07-10 11:02:23,423 DEBUG 10: /dev/varmqmlv    2097152   2096080    1%       21     1% /var/mqm
2012-07-10 11:02:23,423 DEBUG 11: /dev/usrmqmlv   20971520  20790168    1%     2053     1% /usr/mqm
2012-07-10 11:02:23,423 DEBUG 12: /dev/openvlv     2097152   2096176    1%        4     1% /usr/openv
2012-07-10 11:02:23,423 DEBUG 13: /dev/optlv       6291456   5824464    8%     9131     2% /usr/opt
2012-07-10 11:02:23,424 DEBUG 

