2012-07-10 11:16:37,702 DEBUG  ++++++++++++++++++++++++++++++++++++10.228.9.221++++++++++++++++++++++++++++++++++++++++++++
2012-07-10 11:16:37,705 DEBUG 0: Filesystem    512-blocks      Free %Used    Iused %Iused Mounted on
2012-07-10 11:16:37,705 DEBUG 1: /dev/hd4         4194304   3903240    7%     3981     1% /
2012-07-10 11:16:37,705 DEBUG 2: /dev/hd2         5046272   2718776   47%    31316     9% /usr
2012-07-10 11:16:37,705 DEBUG 3: /dev/hd9var      4718592   4166560   12%     4818     2% /var
2012-07-10 11:16:37,706 DEBUG 4: /dev/hd3         4194304   3811248   10%      280     1% /tmp
2012-07-10 11:16:37,706 DEBUG 5: /dev/hd1         4194304   2301688   46%     1456     1% /home
2012-07-10 11:16:37,706 DEBUG 6: /proc                  -         -    -         -     -  /proc
2012-07-10 11:16:37,706 DEBUG 7: /dev/hd10opt    14680064  14071928    5%    15500     1% /opt
2012-07-10 11:16:37,706 DEBUG 9: /dev/db2loglv  102236160  92200792   10%       63     1% /db2/log
2012-07-10 11:16:37,706 DEBUG 10: /dev/db2datalv  209190912 104106800   51%     1974     1% /db2/data
2012-07-10 11:16:37,707 DEBUG 11: /dev/db2archivelv  104333312 104316384    1%        4     1% /db2/archive
2012-07-10 11:16:37,707 DEBUG 12: /dev/loglv        524288    523552    1%        4     1% /log
2012-07-10 11:16:37,707 DEBUG 13: /dev/waslv      74448896  24371608   68%   273649     8% /usr/WebSphere
2012-07-10 11:16:37,707 DEBUG 14: /dev/httplv     62914560  47054704   26%    62529     2% /usr/IBMHttpServer
2012-07-10 11:16:37,707 DEBUG 15: /dev/varmqmlv    2097152   2052568    3%      183     1% /var/mqm
2012-07-10 11:16:37,708 DEBUG 16: /dev/usrmqmlv   20971520  20731088    2%     2201     1% /usr/mqm
2012-07-10 11:16:37,708 DEBUG 17: /dev/openvlv     1572864   1571968    1%        4     1% /usr/openv
2012-07-10 11:16:37,708 DEBUG 18: /dev/optlv      10485760   7973024   24%    37731     4% /usr/opt
2012-07-10 11:16:37,708 DEBUG 

2012-07-10 11:16:38,190 DEBUG  ++++++++++++++++++++++++++++++++++++10.228.9.222++++++++++++++++++++++++++++++++++++++++++++
2012-07-10 11:16:38,192 DEBUG 0: Filesystem    512-blocks      Free %Used    Iused %Iused Mounted on
2012-07-10 11:16:38,192 DEBUG 1: /dev/hd4          262144    121336   54%     3878    22% /
2012-07-10 11:16:38,192 DEBUG 2: /dev/hd2         4194304   1349416   68%    35265    19% /usr
2012-07-10 11:16:38,192 DEBUG 3: /dev/hd9var      4718592   4226480   11%     4749     1% /var
2012-07-10 11:16:38,193 DEBUG 4: /dev/hd3         4194304   4140656    2%       98     1% /tmp
2012-07-10 11:16:38,193 DEBUG 5: /dev/hd1         4194304   4154968    1%       98     1% /home
2012-07-10 11:16:38,193 DEBUG 6: /proc                  -         -    -         -     -  /proc
2012-07-10 11:16:38,193 DEBUG 7: /dev/hd10opt     4194304   3733656   11%     9128     3% /opt
2012-07-10 11:16:38,194 DEBUG 8: /dev/loglv        524288    523552    1%        4     1% /log
2012-07-10 11:16:38,194 DEBUG 9: /dev/httplv     62914560  27081192   57%    97853     4% /usr/IBMHttpServer
2012-07-10 11:16:38,195 DEBUG 10: /dev/varmqmlv    2097152   2051600    3%      242     1% /var/mqm
2012-07-10 11:16:38,195 DEBUG 11: /dev/usrmqmlv   20971520  20731088    2%     2201     1% /usr/mqm
2012-07-10 11:16:38,195 DEBUG 12: /dev/openvlv     2097152   2096176    1%        4     1% /usr/openv
2012-07-10 11:16:38,196 DEBUG 13: /dev/optlv       6291456   5764688    9%     9230     2% /usr/opt
2012-07-10 11:16:38,196 DEBUG 

2012-07-10 11:16:38,811 DEBUG  ++++++++++++++++++++++++++++++++++++10.228.9.223++++++++++++++++++++++++++++++++++++++++++++
2012-07-10 11:16:38,813 DEBUG 0: Filesystem    512-blocks      Free %Used    Iused %Iused Mounted on
2012-07-10 11:16:38,813 DEBUG 1: /dev/hd4          262144    121456   54%     3871    22% /
2012-07-10 11:16:38,813 DEBUG 2: /dev/hd2         4194304   1211256   72%    36097    21% /usr
2012-07-10 11:16:38,813 DEBUG 3: /dev/hd9var      4718592   4413088    7%     2499     1% /var
2012-07-10 11:16:38,814 DEBUG 4: /dev/hd3         4194304   4131248    2%      151     1% /tmp
2012-07-10 11:16:38,814 DEBUG 5: /dev/hd1         4194304   4158696    1%       86     1% /home
2012-07-10 11:16:38,814 DEBUG 6: /proc                  -         -    -         -     -  /proc
2012-07-10 11:16:38,814 DEBUG 7: /dev/hd10opt     4194304   3793544   10%     9027     3% /opt
2012-07-10 11:16:38,815 DEBUG 8: /dev/loglv        524288    523552    1%        4     1% /log
2012-07-10 11:16:38,816 DEBUG 9: /dev/httplv     62914560  35369216   44%   134479     4% /usr/IBMHttpServer
2012-07-10 11:16:38,816 DEBUG 10: /dev/varmqmlv    2097152   2096080    1%       21     1% /var/mqm
2012-07-10 11:16:38,816 DEBUG 11: /dev/usrmqmlv   20971520  20790168    1%     2053     1% /usr/mqm
2012-07-10 11:16:38,816 DEBUG 12: /dev/openvlv     2097152   2096176    1%        4     1% /usr/openv
2012-07-10 11:16:38,817 DEBUG 13: /dev/optlv       6291456   5824464    8%     9131     2% /usr/opt
2012-07-10 11:16:38,817 DEBUG 

2012-07-10 11:16:39,333 DEBUG  ++++++++++++++++++++++++++++++++++++10.228.9.224++++++++++++++++++++++++++++++++++++++++++++
2012-07-10 11:16:39,334 DEBUG 0: Filesystem    512-blocks      Free %Used    Iused %Iused Mounted on
2012-07-10 11:16:39,335 DEBUG 1: /dev/hd4          262144    120736   54%     3887    22% /
2012-07-10 11:16:39,335 DEBUG 2: /dev/hd2         4194304   1354960   68%    37759    20% /usr
2012-07-10 11:16:39,335 DEBUG 3: /dev/hd9var      4718592   4274104   10%     4756     1% /var
2012-07-10 11:16:39,335 DEBUG 4: /dev/hd3         4194304   4099808    3%      207     1% /tmp
2012-07-10 11:16:39,336 DEBUG 5: /dev/hd1         4194304    956480   78%     1378     2% /home
2012-07-10 11:16:39,336 DEBUG 6: /proc                  -         -    -         -     -  /proc
2012-07-10 11:16:39,336 DEBUG 7: /dev/hd10opt     4194304   3110872   26%     9128     3% /opt
2012-07-10 11:16:39,336 DEBUG 8: /dev/loglv        524288    523552    1%        4     1% /log
2012-07-10 11:16:39,337 DEBUG 9: /dev/waslv      65011712  15936592   76%   239964    11% /usr/WebSphere
2012-07-10 11:16:39,338 DEBUG 10: /dev/installv   20971520  20967664    1%        4     1% /install
2012-07-10 11:16:39,338 DEBUG 11: /dev/openvlv     1310720   1309864    1%        4     1% /usr/openv
2012-07-10 11:16:39,338 DEBUG 12: /dev/optlv       6291456   4588472   28%    18750     4% /usr/opt
2012-07-10 11:16:39,339 DEBUG 

2012-07-10 11:16:39,958 DEBUG  ++++++++++++++++++++++++++++++++++++10.228.9.225++++++++++++++++++++++++++++++++++++++++++++
2012-07-10 11:16:39,958 DEBUG 0: Filesystem    512-blocks      Free %Used    Iused %Iused Mounted on
2012-07-10 11:16:39,959 DEBUG 1: /dev/hd4          262144    120784   54%     3882    22% /
2012-07-10 11:16:39,959 DEBUG 2: /dev/hd2         4194304    958656   78%    39476    26% /usr
2012-07-10 11:16:39,959 DEBUG 3: /dev/hd9var      4718592   4257440   10%     4740     1% /var
2012-07-10 11:16:39,959 DEBUG 4: /dev/hd3         4194304   3568088   15%    11538     3% /tmp
2012-07-10 11:16:39,960 DEBUG 5: /dev/hd1         4194304   4155768    1%      174     1% /home
2012-07-10 11:16:39,960 DEBUG 6: /proc                  -         -    -         -     -  /proc
2012-07-10 11:16:39,960 DEBUG 7: /dev/hd10opt     4194304   3733672   11%     9127     3% /opt
2012-07-10 11:16:39,960 DEBUG 8: /dev/loglv        524288    523552    1%        4     1% /log
2012-07-10 11:16:39,960 DEBUG 9: /dev/waslv      65011712   7303584   89%   296010    24% /usr/WebSphere
2012-07-10 11:16:39,961 DEBUG 10: /dev/installv   20971520  20967664    1%        4     1% /install
2012-07-10 11:16:39,961 DEBUG 11: /dev/openvlv     1310720   1309864    1%        4     1% /usr/openlv
2012-07-10 11:16:39,962 DEBUG 12: /dev/optlv       6291456   5139696   19%    20978     4% /usr/opt
2012-07-10 11:16:39,962 DEBUG 

2012-07-10 11:16:40,505 DEBUG  ++++++++++++++++++++++++++++++++++++10.228.9.226++++++++++++++++++++++++++++++++++++++++++++
2012-07-10 11:16:40,507 DEBUG 0: Filesystem    512-blocks      Free %Used    Iused %Iused Mounted on
2012-07-10 11:16:40,507 DEBUG 1: /dev/hd4          262144    120984   54%     3874    22% /
2012-07-10 11:16:40,507 DEBUG 2: /dev/hd2        10485760   5475944   48%    47000     8% /usr
2012-07-10 11:16:40,508 DEBUG 3: /dev/hd9var      4718592   4255832   10%     4715     1% /var
2012-07-10 11:16:40,508 DEBUG 4: /dev/hd3         4194304   2506664   41%    10686     4% /tmp
2012-07-10 11:16:40,508 DEBUG 5: /dev/hd1        14680064  14138056    4%      694     1% /home
2012-07-10 11:16:40,508 DEBUG 6: /proc                  -         -    -         -     -  /proc
2012-07-10 11:16:40,509 DEBUG 7: /dev/hd10opt     4194304   3732880   12%     9159     3% /opt
2012-07-10 11:16:40,509 DEBUG 8: /dev/loglv        524288    523552    1%        4     1% /log
2012-07-10 11:16:40,510 DEBUG 9: /dev/db2loglv  153616384 122817760   21%      166     1% /db2/log
2012-07-10 11:16:40,510 DEBUG 10: /dev/db2datalv  314572800 208495808   34%     1981     1% /db2/data
2012-07-10 11:16:40,511 DEBUG 11: /dev/db2archivelv  104857600 104840872    1%        4     1% /db2/archive
2012-07-10 11:16:40,511 DEBUG 12: /dev/openvlv     1572864   1571968    1%        4     1% /usr/openv
2012-07-10 11:16:40,511 DEBUG 

2012-07-10 11:16:41,128 DEBUG  ++++++++++++++++++++++++++++++++++++10.228.9.227++++++++++++++++++++++++++++++++++++++++++++
2012-07-10 11:16:41,130 DEBUG 0: Filesystem    512-blocks      Free %Used    Iused %Iused Mounted on
2012-07-10 11:16:41,130 DEBUG 1: /dev/hd4          262144         0  100%     5192    90% /
2012-07-10 11:16:41,131 DEBUG 2: /dev/hd2         7208960   4589456   37%    30009     6% /usr
2012-07-10 11:16:41,131 DEBUG 3: /dev/hd9var      4718592   4238968   11%     4696     1% /var
2012-07-10 11:16:41,131 DEBUG 4: /dev/hd3         4718592   4708616    1%       34     1% /tmp
2012-07-10 11:16:41,131 DEBUG 5: /dev/hd1         5177344   4388024   16%     2853     1% /home
2012-07-10 11:16:41,132 DEBUG 6: /proc                  -         -    -         -     -  /proc
2012-07-10 11:16:41,132 DEBUG 7: /dev/hd10opt      786432    326272   59%     9127    20% /opt
2012-07-10 11:16:41,132 DEBUG 8: /dev/loglv        524288    523552    1%        4     1% /log
2012-07-10 11:16:41,133 DEBUG 9: /dev/httplv    335544320 216032144   36%  1591592     6% /usr/IBMHttpServer
2012-07-10 11:16:41,133 DEBUG 10: /dev/openvlv     3145728   3144592    1%        4     1% /usr/openv
2012-07-10 11:16:41,134 DEBUG 11: /dev/optlv      18874368  18213920    4%     5450     1% /usr/opt
2012-07-10 11:16:41,134 DEBUG 

2012-07-10 11:16:41,691 DEBUG  ++++++++++++++++++++++++++++++++++++10.228.9.228++++++++++++++++++++++++++++++++++++++++++++
2012-07-10 11:16:41,693 DEBUG 0: Filesystem    512-blocks      Free %Used    Iused %Iused Mounted on
2012-07-10 11:16:41,693 DEBUG 1: /dev/hd4          262144    114104   57%     3868    23% /
2012-07-10 11:16:41,694 DEBUG 2: /dev/hd2         7208960   4593504   37%    30249     6% /usr
2012-07-10 11:16:41,694 DEBUG 3: /dev/hd9var      4718592   4251336   10%     4718     1% /var
2012-07-10 11:16:41,694 DEBUG 4: /dev/hd3         4718592   4648592    2%      177     1% /tmp
2012-07-10 11:16:41,694 DEBUG 5: /dev/hd1         5242880   5211008    1%       73     1% /home
2012-07-10 11:16:41,695 DEBUG 6: /proc                  -         -    -         -     -  /proc
2012-07-10 11:16:41,695 DEBUG 7: /dev/hd10opt      786432    327224   59%     9127    20% /opt
2012-07-10 11:16:41,695 DEBUG 8: /dev/lovlv        524288    523552    1%        4     1% /log
2012-07-10 11:16:41,696 DEBUG 9: /dev/httplv    331350016 318017112    5%    80487     1% /usr/IBMHttpServer
2012-07-10 11:16:41,696 DEBUG 10: /dev/openvlv     3145728   3144592    1%        4     1% /usr/openv
2012-07-10 11:16:41,697 DEBUG 11: /dev/optlv      18874368  18604960    2%     4233     1% /usr/opt
2012-07-10 11:16:41,697 DEBUG 13: 10.228.9.227:/usr/IBMHttpServer/IBMIHS/htdocs/en_US  335544320 216032144   36%  1591592     6% /usr/IBMHttpServer/IBMIHS/htdocs/en_US
2012-07-10 11:16:41,697 DEBUG 

2012-07-10 11:16:42,209 DEBUG  ++++++++++++++++++++++++++++++++++++10.228.9.229++++++++++++++++++++++++++++++++++++++++++++
2012-07-10 11:16:42,211 DEBUG 0: Filesystem    512-blocks      Free %Used    Iused %Iused Mounted on
2012-07-10 11:16:42,211 DEBUG 1: /dev/hd4          262144     75592   72%     5196    37% /
2012-07-10 11:16:42,211 DEBUG 2: /dev/hd2        12976128  10264424   21%    33606     3% /usr
2012-07-10 11:16:42,211 DEBUG 3: /dev/hd9var      1048576    581096   45%     4737     7% /var
2012-07-10 11:16:42,211 DEBUG 4: /dev/hd3         4718592   4637432    2%      185     1% /tmp
2012-07-10 11:16:42,211 DEBUG 5: /dev/hd1         4718592   4698552    1%      170     1% /home
2012-07-10 11:16:42,212 DEBUG 6: /proc                  -         -    -         -     -  /proc
2012-07-10 11:16:42,212 DEBUG 7: /dev/hd10opt      786432    326272   59%     9127    20% /opt
2012-07-10 11:16:42,212 DEBUG 8: /dev/loglv        524288    523552    1%        4     1% /log
2012-07-10 11:16:42,212 DEBUG 9: /dev/waslv      94371840  67389968   29%   134293     2% /usr/WebSphere
2012-07-10 11:16:42,212 DEBUG 10: /dev/installv   20971520  20959312    1%       14     1% /install
2012-07-10 11:16:42,212 DEBUG 11: /dev/openvlv     2097152   2096176    1%        4     1% /usr/openv
2012-07-10 11:16:42,212 DEBUG 12: /dev/optlv       6291456   5443696   14%    13792     3% /usr/opt
2012-07-10 11:16:42,213 DEBUG 

2012-07-10 11:16:42,863 DEBUG  ++++++++++++++++++++++++++++++++++++10.228.9.230++++++++++++++++++++++++++++++++++++++++++++
2012-07-10 11:16:42,864 DEBUG 0: Filesystem    512-blocks      Free %Used    Iused %Iused Mounted on
2012-07-10 11:16:42,864 DEBUG 1: /dev/hd4          262144     88784   67%     3886    27% /
2012-07-10 11:16:42,864 DEBUG 2: /dev/hd2        12976128  10268648   21%    33845     3% /usr
2012-07-10 11:16:42,865 DEBUG 3: /dev/hd9var      1048576    588448   44%     4746     7% /var
2012-07-10 11:16:42,865 DEBUG 4: /dev/hd3         4718592   4634256    2%      194     1% /tmp
2012-07-10 11:16:42,865 DEBUG 5: /dev/hd1         4718592   4683112    1%      169     1% /home
2012-07-10 11:16:42,865 DEBUG 6: /proc                  -         -    -         -     -  /proc
2012-07-10 11:16:42,866 DEBUG 7: /dev/hd10opt      786432    327232   59%     9127    20% /opt
2012-07-10 11:16:42,866 DEBUG 8: /dev/loglv        524288    523552    1%        4     1% /log
2012-07-10 11:16:42,866 DEBUG 9: /dev/waslv      94371840  52960952   44%   211541     4% /usr/WebSphere
2012-07-10 11:16:42,867 DEBUG 10: /dev/installv   20971520  20959104    1%       14     1% /install
2012-07-10 11:16:42,867 DEBUG 11: /dev/openvlv     2097152   2096176    1%        4     1% /usr/openv
2012-07-10 11:16:42,868 DEBUG 12: /dev/optlv       6291456   5443464   14%    13795     3% /usr/opt
2012-07-10 11:16:42,868 DEBUG 

2012-07-10 11:16:43,525 DEBUG  ++++++++++++++++++++++++++++++++++++10.228.9.231++++++++++++++++++++++++++++++++++++++++++++
2012-07-10 11:16:43,527 DEBUG 0: Filesystem    512-blocks      Free %Used    Iused %Iused Mounted on
2012-07-10 11:16:43,527 DEBUG 1: /dev/hd4          262144    117024   56%     3880    22% /
2012-07-10 11:16:43,527 DEBUG 2: /dev/hd2         4587520   2187024   53%    30099    11% /usr
2012-07-10 11:16:43,528 DEBUG 3: /dev/hd9var      1572864   1113344   30%     4735     4% /var
2012-07-10 11:16:43,528 DEBUG 4: /dev/hd3          786432    638072   19%      202     1% /tmp
2012-07-10 11:16:43,528 DEBUG 5: /dev/hd1         7864320   6724680   15%      593     1% /home
2012-07-10 11:16:43,528 DEBUG 6: /proc                  -         -    -         -     -  /proc
2012-07-10 11:16:43,529 DEBUG 7: /dev/hd10opt      786432    327224   59%     9127    20% /opt
2012-07-10 11:16:43,530 DEBUG 8: /dev/loglv       1048576   1047760    1%        4     1% /log
2012-07-10 11:16:43,530 DEBUG 9: /dev/db2loglv  174063616 156122336   11%    14871     1% /db2/log
2012-07-10 11:16:43,530 DEBUG 10: /dev/db2datalv  356515840 250283256   30%     1984     1% /db2/data
2012-07-10 11:16:43,530 DEBUG 11: /dev/db2archivelv  178257920 178230048    1%        4     1% /db2/archive
2012-07-10 11:16:43,531 DEBUG 12: /dev/openvlv     2097152   2096176    1%        4     1% /usr/openv
2012-07-10 11:16:43,531 DEBUG 

2012-07-10 11:16:44,014 DEBUG  ++++++++++++++++++++++++++++++++++++10.228.9.232++++++++++++++++++++++++++++++++++++++++++++
2012-07-10 11:16:44,016 DEBUG 0: Filesystem    512-blocks      Free %Used    Iused %Iused Mounted on
2012-07-10 11:16:44,016 DEBUG 1: /dev/hd4          262144    117616   56%     3869    22% /
2012-07-10 11:16:44,016 DEBUG 2: /dev/hd2         4718592   1889168   60%    36627    15% /usr
2012-07-10 11:16:44,016 DEBUG 3: /dev/hd9var      4718592   4252408   10%     4709     1% /var
2012-07-10 11:16:44,017 DEBUG 4: /dev/hd3          786432    717120    9%      175     1% /tmp
2012-07-10 11:16:44,017 DEBUG 5: /dev/hd1         4194304   4162528    1%       76     1% /home
2012-07-10 11:16:44,017 DEBUG 6: /proc                  -         -    -         -     -  /proc
2012-07-10 11:16:44,017 DEBUG 7: /dev/hd10opt     6291456   5831408    8%     9127     2% /opt
2012-07-10 11:16:44,018 DEBUG 8: /dev/loglv        524288    523552    1%        4     1% /log
2012-07-10 11:16:44,018 DEBUG 9: /dev/varmqmlv    2097152   2051768    3%      233     1% /var/mqm
2012-07-10 11:16:44,019 DEBUG 10: /dev/usrmqmlv   20971520  20730936    2%     2208     1% /usr/mqm
2012-07-10 11:16:44,019 DEBUG 11: /dev/openvlv     2097152   2096176    1%        4     1% /usr/openv
2012-07-10 11:16:44,020 DEBUG 

