2012-07-10 10:45:40,040 DEBUG  ++++++++++++++++++++++++++++++++++++10.228.9.221++++++++++++++++++++++++++++++++++++++++++++
2012-07-10 10:45:40,041 DEBUG 0: Filesystem    512-blocks      Free %Used    Iused %Iused Mounted on
2012-07-10 10:45:40,041 DEBUG 1: /dev/hd4         4194304   3903272    7%     3981     1% /
2012-07-10 10:45:40,041 DEBUG 2: /dev/hd2         5046272   2718776   47%    31316     9% /usr
2012-07-10 10:45:40,042 DEBUG 3: /dev/hd9var      4718592   4166984   12%     4818     2% /var
2012-07-10 10:45:40,042 DEBUG 4: /dev/hd3         4194304   3811248   10%      280     1% /tmp
2012-07-10 10:45:40,042 DEBUG 5: /dev/hd1         4194304   2302112   46%     1456     1% /home
2012-07-10 10:45:40,042 DEBUG 6: /proc                  -         -    -         -     -  /proc
2012-07-10 10:45:40,043 DEBUG 7: /dev/hd10opt    14680064  14071928    5%    15500     1% /opt
2012-07-10 10:45:40,043 DEBUG 9: /dev/db2loglv  102236160  92200792   10%       63     1% /db2/log
2012-07-10 10:45:40,043 DEBUG 10: /dev/db2datalv  209190912 104106800   51%     1974     1% /db2/data
2012-07-10 10:45:40,043 DEBUG 11: /dev/db2archivelv  104333312 104316384    1%        4     1% /db2/archive
2012-07-10 10:45:40,043 DEBUG 12: /dev/loglv        524288    523552    1%        4     1% /log
2012-07-10 10:45:40,044 DEBUG 13: /dev/waslv      74448896  24371608   68%   273649     8% /usr/WebSphere
2012-07-10 10:45:40,045 DEBUG 14: /dev/httplv     62914560  47054704   26%    62529     2% /usr/IBMHttpServer
2012-07-10 10:45:40,045 DEBUG 15: /dev/varmqmlv    2097152   2052568    3%      183     1% /var/mqm
2012-07-10 10:45:40,045 DEBUG 16: /dev/usrmqmlv   20971520  20731088    2%     2201     1% /usr/mqm
2012-07-10 10:45:40,046 DEBUG 17: /dev/openvlv     1572864   1571968    1%        4     1% /usr/openv
2012-07-10 10:45:40,046 DEBUG 18: /dev/optlv      10485760   7973024   24%    37731     4% /usr/opt
2012-07-10 10:45:40,046 DEBUG 

2012-07-10 10:45:40,498 DEBUG  ++++++++++++++++++++++++++++++++++++10.228.9.222++++++++++++++++++++++++++++++++++++++++++++
2012-07-10 10:45:40,499 DEBUG 0: Filesystem    512-blocks      Free %Used    Iused %Iused Mounted on
2012-07-10 10:45:40,500 DEBUG 1: /dev/hd4          262144    121352   54%     3878    22% /
2012-07-10 10:45:40,500 DEBUG 2: /dev/hd2         4194304   1349416   68%    35265    19% /usr
2012-07-10 10:45:40,500 DEBUG 3: /dev/hd9var      4718592   4226488   11%     4749     1% /var
2012-07-10 10:45:40,500 DEBUG 4: /dev/hd3         4194304   4140656    2%       98     1% /tmp
2012-07-10 10:45:40,500 DEBUG 5: /dev/hd1         4194304   4154968    1%       98     1% /home
2012-07-10 10:45:40,500 DEBUG 6: /proc                  -         -    -         -     -  /proc
2012-07-10 10:45:40,500 DEBUG 7: /dev/hd10opt     4194304   3733656   11%     9128     3% /opt
2012-07-10 10:45:40,500 DEBUG 8: /dev/loglv        524288    523552    1%        4     1% /log
2012-07-10 10:45:40,500 DEBUG 9: /dev/httplv     62914560  27081216   57%    97853     4% /usr/IBMHttpServer
2012-07-10 10:45:40,500 DEBUG 10: /dev/varmqmlv    2097152   2051640    3%      242     1% /var/mqm
2012-07-10 10:45:40,501 DEBUG 11: /dev/usrmqmlv   20971520  20731088    2%     2201     1% /usr/mqm
2012-07-10 10:45:40,501 DEBUG 12: /dev/openvlv     2097152   2096176    1%        4     1% /usr/openv
2012-07-10 10:45:40,501 DEBUG 13: /dev/optlv       6291456   5764688    9%     9230     2% /usr/opt
2012-07-10 10:45:40,501 DEBUG 

2012-07-10 10:45:41,062 DEBUG  ++++++++++++++++++++++++++++++++++++10.228.9.223++++++++++++++++++++++++++++++++++++++++++++
2012-07-10 10:45:41,066 DEBUG 0: Filesystem    512-blocks      Free %Used    Iused %Iused Mounted on
2012-07-10 10:45:41,066 DEBUG 1: /dev/hd4          262144    121472   54%     3871    22% /
2012-07-10 10:45:41,066 DEBUG 2: /dev/hd2         4194304   1211256   72%    36097    21% /usr
2012-07-10 10:45:41,066 DEBUG 3: /dev/hd9var      4718592   4413088    7%     2499     1% /var
2012-07-10 10:45:41,067 DEBUG 4: /dev/hd3         4194304   4131248    2%      151     1% /tmp
2012-07-10 10:45:41,067 DEBUG 5: /dev/hd1         4194304   4158696    1%       86     1% /home
2012-07-10 10:45:41,067 DEBUG 6: /proc                  -         -    -         -     -  /proc
2012-07-10 10:45:41,067 DEBUG 7: /dev/hd10opt     4194304   3793544   10%     9027     3% /opt
2012-07-10 10:45:41,068 DEBUG 8: /dev/loglv        524288    523552    1%        4     1% /log
2012-07-10 10:45:41,068 DEBUG 9: /dev/httplv     62914560  35369320   44%   134479     4% /usr/IBMHttpServer
2012-07-10 10:45:41,069 DEBUG 10: /dev/varmqmlv    2097152   2096080    1%       21     1% /var/mqm
2012-07-10 10:45:41,069 DEBUG 11: /dev/usrmqmlv   20971520  20790168    1%     2053     1% /usr/mqm
2012-07-10 10:45:41,070 DEBUG 12: /dev/openvlv     2097152   2096176    1%        4     1% /usr/openv
2012-07-10 10:45:41,070 DEBUG 13: /dev/optlv       6291456   5824464    8%     9131     2% /usr/opt
2012-07-10 10:45:41,070 DEBUG 

2012-07-10 10:45:41,662 DEBUG  ++++++++++++++++++++++++++++++++++++10.228.9.224++++++++++++++++++++++++++++++++++++++++++++
2012-07-10 10:45:41,664 DEBUG 0: Filesystem    512-blocks      Free %Used    Iused %Iused Mounted on
2012-07-10 10:45:41,664 DEBUG 1: /dev/hd4          262144    120744   54%     3887    22% /
2012-07-10 10:45:41,664 DEBUG 2: /dev/hd2         4194304   1354960   68%    37759    20% /usr
2012-07-10 10:45:41,664 DEBUG 3: /dev/hd9var      4718592   4274104   10%     4756     1% /var
2012-07-10 10:45:41,665 DEBUG 4: /dev/hd3         4194304   4099808    3%      207     1% /tmp
2012-07-10 10:45:41,665 DEBUG 5: /dev/hd1         4194304   1095424   74%     1378     2% /home
2012-07-10 10:45:41,665 DEBUG 6: /proc                  -         -    -         -     -  /proc
2012-07-10 10:45:41,665 DEBUG 7: /dev/hd10opt     4194304   3110872   26%     9128     3% /opt
2012-07-10 10:45:41,665 DEBUG 8: /dev/loglv        524288    523552    1%        4     1% /log
2012-07-10 10:45:41,666 DEBUG 9: /dev/waslv      65011712  15936824   76%   239964    11% /usr/WebSphere
2012-07-10 10:45:41,666 DEBUG 10: /dev/installv   20971520  20967664    1%        4     1% /install
2012-07-10 10:45:41,667 DEBUG 11: /dev/openvlv     1310720   1309864    1%        4     1% /usr/openv
2012-07-10 10:45:41,667 DEBUG 12: /dev/optlv       6291456   4588472   28%    18750     4% /usr/opt
2012-07-10 10:45:41,668 DEBUG 

2012-07-10 10:45:42,204 DEBUG  ++++++++++++++++++++++++++++++++++++10.228.9.225++++++++++++++++++++++++++++++++++++++++++++
2012-07-10 10:45:42,204 DEBUG 0: Filesystem    512-blocks      Free %Used    Iused %Iused Mounted on
2012-07-10 10:45:42,205 DEBUG 1: /dev/hd4          262144    120800   54%     3882    22% /
2012-07-10 10:45:42,205 DEBUG 2: /dev/hd2         4194304    958656   78%    39476    26% /usr
2012-07-10 10:45:42,206 DEBUG 3: /dev/hd9var      4718592   4257456   10%     4740     1% /var
2012-07-10 10:45:42,206 DEBUG 4: /dev/hd3         4194304   3568088   15%    11538     3% /tmp
2012-07-10 10:45:42,206 DEBUG 5: /dev/hd1         4194304   4155768    1%      174     1% /home
2012-07-10 10:45:42,206 DEBUG 6: /proc                  -         -    -         -     -  /proc
2012-07-10 10:45:42,207 DEBUG 7: /dev/hd10opt     4194304   3733672   11%     9127     3% /opt
2012-07-10 10:45:42,207 DEBUG 8: /dev/loglv        524288    523552    1%        4     1% /log
2012-07-10 10:45:42,208 DEBUG 9: /dev/waslv      65011712   7303824   89%   296012    24% /usr/WebSphere
2012-07-10 10:45:42,208 DEBUG 10: /dev/installv   20971520  20967664    1%        4     1% /install
2012-07-10 10:45:42,209 DEBUG 11: /dev/openvlv     1310720   1309864    1%        4     1% /usr/openlv
2012-07-10 10:45:42,209 DEBUG 12: /dev/optlv       6291456   5139696   19%    20978     4% /usr/opt
2012-07-10 10:45:42,209 DEBUG 

2012-07-10 10:45:42,727 DEBUG  ++++++++++++++++++++++++++++++++++++10.228.9.226++++++++++++++++++++++++++++++++++++++++++++
2012-07-10 10:45:42,728 DEBUG 0: Filesystem    512-blocks      Free %Used    Iused %Iused Mounted on
2012-07-10 10:45:42,729 DEBUG 1: /dev/hd4          262144    121000   54%     3874    22% /
2012-07-10 10:45:42,729 DEBUG 2: /dev/hd2        10485760   5475944   48%    47000     8% /usr
2012-07-10 10:45:42,729 DEBUG 3: /dev/hd9var      4718592   4255832   10%     4715     1% /var
2012-07-10 10:45:42,730 DEBUG 4: /dev/hd3         4194304   2506664   41%    10686     4% /tmp
2012-07-10 10:45:42,730 DEBUG 5: /dev/hd1        14680064  14138056    4%      694     1% /home
2012-07-10 10:45:42,730 DEBUG 6: /proc                  -         -    -         -     -  /proc
2012-07-10 10:45:42,730 DEBUG 7: /dev/hd10opt     4194304   3732880   12%     9159     3% /opt
2012-07-10 10:45:42,730 DEBUG 8: /dev/loglv        524288    523552    1%        4     1% /log
2012-07-10 10:45:42,732 DEBUG 9: /dev/db2loglv  153616384 122818240   21%      166     1% /db2/log
2012-07-10 10:45:42,732 DEBUG 10: /dev/db2datalv  314572800 208496536   34%     1981     1% /db2/data
2012-07-10 10:45:42,732 DEBUG 11: /dev/db2archivelv  104857600 104840872    1%        4     1% /db2/archive
2012-07-10 10:45:42,732 DEBUG 12: /dev/openvlv     1572864   1571968    1%        4     1% /usr/openv
2012-07-10 10:45:42,733 DEBUG 

2012-07-10 10:45:43,244 DEBUG  ++++++++++++++++++++++++++++++++++++10.228.9.227++++++++++++++++++++++++++++++++++++++++++++
2012-07-10 10:45:43,245 DEBUG 0: Filesystem    512-blocks      Free %Used    Iused %Iused Mounted on
2012-07-10 10:45:43,246 DEBUG 1: /dev/hd4          262144         0  100%     5192    90% /
2012-07-10 10:45:43,246 DEBUG 2: /dev/hd2         7208960   4589456   37%    30009     6% /usr
2012-07-10 10:45:43,246 DEBUG 3: /dev/hd9var      4718592   4238968   11%     4696     1% /var
2012-07-10 10:45:43,246 DEBUG 4: /dev/hd3         4718592   4708616    1%       34     1% /tmp
2012-07-10 10:45:43,247 DEBUG 5: /dev/hd1         5177344   4388024   16%     2853     1% /home
2012-07-10 10:45:43,247 DEBUG 6: /proc                  -         -    -         -     -  /proc
2012-07-10 10:45:43,247 DEBUG 7: /dev/hd10opt      786432    326272   59%     9127    20% /opt
2012-07-10 10:45:43,247 DEBUG 8: /dev/loglv        524288    523552    1%        4     1% /log
2012-07-10 10:45:43,247 DEBUG 9: /dev/httplv    335544320 216032144   36%  1591592     6% /usr/IBMHttpServer
2012-07-10 10:45:43,248 DEBUG 10: /dev/openvlv     3145728   3144592    1%        4     1% /usr/openv
2012-07-10 10:45:43,248 DEBUG 11: /dev/optlv      18874368  18213920    4%     5450     1% /usr/opt
2012-07-10 10:45:43,249 DEBUG 

2012-07-10 10:45:43,761 DEBUG  ++++++++++++++++++++++++++++++++++++10.228.9.228++++++++++++++++++++++++++++++++++++++++++++
2012-07-10 10:45:43,763 DEBUG 0: Filesystem    512-blocks      Free %Used    Iused %Iused Mounted on
2012-07-10 10:45:43,763 DEBUG 1: /dev/hd4          262144    114120   57%     3868    23% /
2012-07-10 10:45:43,763 DEBUG 2: /dev/hd2         7208960   4593504   37%    30249     6% /usr
2012-07-10 10:45:43,763 DEBUG 3: /dev/hd9var      4718592   4251352   10%     4718     1% /var
2012-07-10 10:45:43,763 DEBUG 4: /dev/hd3         4718592   4648592    2%      177     1% /tmp
2012-07-10 10:45:43,763 DEBUG 5: /dev/hd1         5242880   5211008    1%       73     1% /home
2012-07-10 10:45:43,764 DEBUG 6: /proc                  -         -    -         -     -  /proc
2012-07-10 10:45:43,764 DEBUG 7: /dev/hd10opt      786432    327224   59%     9127    20% /opt
2012-07-10 10:45:43,764 DEBUG 8: /dev/lovlv        524288    523552    1%        4     1% /log
2012-07-10 10:45:43,764 DEBUG 9: /dev/httplv    331350016 318018648    5%    80487     1% /usr/IBMHttpServer
2012-07-10 10:45:43,764 DEBUG 10: /dev/openvlv     3145728   3144592    1%        4     1% /usr/openv
2012-07-10 10:45:43,764 DEBUG 11: /dev/optlv      18874368  18604960    2%     4233     1% /usr/opt
2012-07-10 10:45:43,764 DEBUG 13: 10.228.9.227:/usr/IBMHttpServer/IBMIHS/htdocs/en_US  335544320 216032144   36%  1591592     6% /usr/IBMHttpServer/IBMIHS/htdocs/en_US
2012-07-10 10:45:43,765 DEBUG 

2012-07-10 10:45:44,411 DEBUG  ++++++++++++++++++++++++++++++++++++10.228.9.229++++++++++++++++++++++++++++++++++++++++++++
2012-07-10 10:45:44,413 DEBUG 0: Filesystem    512-blocks      Free %Used    Iused %Iused Mounted on
2012-07-10 10:45:44,414 DEBUG 1: /dev/hd4          262144     75592   72%     5196    37% /
2012-07-10 10:45:44,414 DEBUG 2: /dev/hd2        12976128  10264424   21%    33606     3% /usr
2012-07-10 10:45:44,414 DEBUG 3: /dev/hd9var      1048576    581256   45%     4735     7% /var
2012-07-10 10:45:44,414 DEBUG 4: /dev/hd3         4718592   4637432    2%      185     1% /tmp
2012-07-10 10:45:44,415 DEBUG 5: /dev/hd1         4718592   4698552    1%      170     1% /home
2012-07-10 10:45:44,415 DEBUG 6: /proc                  -         -    -         -     -  /proc
2012-07-10 10:45:44,415 DEBUG 7: /dev/hd10opt      786432    326272   59%     9127    20% /opt
2012-07-10 10:45:44,416 DEBUG 8: /dev/loglv        524288    523552    1%        4     1% /log
2012-07-10 10:45:44,417 DEBUG 9: /dev/waslv      94371840  67436912   29%   133409     2% /usr/WebSphere
2012-07-10 10:45:44,417 DEBUG 10: /dev/installv   20971520  20959312    1%       14     1% /install
2012-07-10 10:45:44,417 DEBUG 11: /dev/openvlv     2097152   2096176    1%        4     1% /usr/openv
2012-07-10 10:45:44,417 DEBUG 12: /dev/optlv       6291456   5443696   14%    13792     3% /usr/opt
2012-07-10 10:45:44,418 DEBUG 

2012-07-10 10:45:44,896 DEBUG  ++++++++++++++++++++++++++++++++++++10.228.9.230++++++++++++++++++++++++++++++++++++++++++++
2012-07-10 10:45:44,898 DEBUG 0: Filesystem    512-blocks      Free %Used    Iused %Iused Mounted on
2012-07-10 10:45:44,898 DEBUG 1: /dev/hd4          262144     88800   67%     3886    27% /
2012-07-10 10:45:44,898 DEBUG 2: /dev/hd2        12976128  10268648   21%    33845     3% /usr
2012-07-10 10:45:44,898 DEBUG 3: /dev/hd9var      1048576    588624   44%     4744     7% /var
2012-07-10 10:45:44,898 DEBUG 4: /dev/hd3         4718592   4634688    2%      190     1% /tmp
2012-07-10 10:45:44,898 DEBUG 5: /dev/hd1         4718592   4683112    1%      169     1% /home
2012-07-10 10:45:44,898 DEBUG 6: /proc                  -         -    -         -     -  /proc
2012-07-10 10:45:44,898 DEBUG 7: /dev/hd10opt      786432    327232   59%     9127    20% /opt
2012-07-10 10:45:44,898 DEBUG 8: /dev/loglv        524288    523552    1%        4     1% /log
2012-07-10 10:45:44,899 DEBUG 9: /dev/waslv      94371840  52965408   44%   211524     4% /usr/WebSphere
2012-07-10 10:45:44,899 DEBUG 10: /dev/installv   20971520  20959104    1%       14     1% /install
2012-07-10 10:45:44,899 DEBUG 11: /dev/openvlv     2097152   2096176    1%        4     1% /usr/openv
2012-07-10 10:45:44,899 DEBUG 12: /dev/optlv       6291456   5443464   14%    13795     3% /usr/opt
2012-07-10 10:45:44,899 DEBUG 

2012-07-10 10:45:45,438 DEBUG  ++++++++++++++++++++++++++++++++++++10.228.9.231++++++++++++++++++++++++++++++++++++++++++++
2012-07-10 10:45:45,440 DEBUG 0: Filesystem    512-blocks      Free %Used    Iused %Iused Mounted on
2012-07-10 10:45:45,440 DEBUG 1: /dev/hd4          262144    117032   56%     3880    22% /
2012-07-10 10:45:45,440 DEBUG 2: /dev/hd2         4587520   2187024   53%    30099    11% /usr
2012-07-10 10:45:45,440 DEBUG 3: /dev/hd9var      1572864   1113360   30%     4735     4% /var
2012-07-10 10:45:45,440 DEBUG 4: /dev/hd3          786432    638072   19%      202     1% /tmp
2012-07-10 10:45:45,441 DEBUG 5: /dev/hd1         7864320   6725160   15%      593     1% /home
2012-07-10 10:45:45,441 DEBUG 6: /proc                  -         -    -         -     -  /proc
2012-07-10 10:45:45,441 DEBUG 7: /dev/hd10opt      786432    327224   59%     9127    20% /opt
2012-07-10 10:45:45,441 DEBUG 8: /dev/loglv       1048576   1047760    1%        4     1% /log
2012-07-10 10:45:45,441 DEBUG 9: /dev/db2loglv  174063616 156122336   11%    14871     1% /db2/log
2012-07-10 10:45:45,441 DEBUG 10: /dev/db2datalv  356515840 250283256   30%     1984     1% /db2/data
2012-07-10 10:45:45,442 DEBUG 11: /dev/db2archivelv  178257920 178230048    1%        4     1% /db2/archive
2012-07-10 10:45:45,442 DEBUG 12: /dev/openvlv     2097152   2096176    1%        4     1% /usr/openv
2012-07-10 10:45:45,442 DEBUG 

2012-07-10 10:45:46,024 DEBUG  ++++++++++++++++++++++++++++++++++++10.228.9.232++++++++++++++++++++++++++++++++++++++++++++
2012-07-10 10:45:46,026 DEBUG 0: Filesystem    512-blocks      Free %Used    Iused %Iused Mounted on
2012-07-10 10:45:46,026 DEBUG 1: /dev/hd4          262144    117632   56%     3869    22% /
2012-07-10 10:45:46,026 DEBUG 2: /dev/hd2         4718592   1889168   60%    36627    15% /usr
2012-07-10 10:45:46,027 DEBUG 3: /dev/hd9var      4718592   4252416   10%     4709     1% /var
2012-07-10 10:45:46,027 DEBUG 4: /dev/hd3          786432    717120    9%      175     1% /tmp
2012-07-10 10:45:46,027 DEBUG 5: /dev/hd1         4194304   4162528    1%       76     1% /home
2012-07-10 10:45:46,027 DEBUG 6: /proc                  -         -    -         -     -  /proc
2012-07-10 10:45:46,027 DEBUG 7: /dev/hd10opt     6291456   5831408    8%     9127     2% /opt
2012-07-10 10:45:46,028 DEBUG 8: /dev/loglv        524288    523552    1%        4     1% /log
2012-07-10 10:45:46,029 DEBUG 9: /dev/varmqmlv    2097152   2051768    3%      233     1% /var/mqm
2012-07-10 10:45:46,029 DEBUG 10: /dev/usrmqmlv   20971520  20730936    2%     2208     1% /usr/mqm
2012-07-10 10:45:46,029 DEBUG 11: /dev/openvlv     2097152   2096176    1%        4     1% /usr/openv
2012-07-10 10:45:46,030 DEBUG 

